\BOOKMARK [0][-]{chapter*.1}{\376\377\000A\000b\000s\000t\000r\000a\000c\000t}{}% 1
\BOOKMARK [0][-]{chapter*.2}{\376\377\000A\000c\000k\000n\000o\000w\000l\000e\000d\000g\000e\000m\000e\000n\000t}{}% 2
\BOOKMARK [0][-]{chapter*.6}{\376\377\000A\000b\000b\000r\000e\000v\000i\000a\000t\000i\000o\000n\000s}{}% 3
\BOOKMARK [0][-]{chapter.1}{\376\377\000I\000n\000t\000r\000o\000d\000u\000c\000t\000i\000o\000n}{}% 4
\BOOKMARK [1][-]{section.1.1}{\376\377\000O\000v\000e\000r\000v\000i\000e\000w}{chapter.1}% 5
\BOOKMARK [1][-]{section.1.2}{\376\377\000P\000r\000o\000b\000l\000e\000m\000\040\000S\000t\000a\000t\000e\000m\000e\000n\000t}{chapter.1}% 6
\BOOKMARK [1][-]{section.1.3}{\376\377\000O\000b\000j\000e\000c\000t\000i\000v\000e\000s}{chapter.1}% 7
\BOOKMARK [1][-]{section.1.4}{\376\377\000A\000i\000m}{chapter.1}% 8
\BOOKMARK [1][-]{section.1.5}{\376\377\000M\000o\000t\000i\000v\000a\000t\000i\000o\000n}{chapter.1}% 9
\BOOKMARK [1][-]{section.1.6}{\376\377\000E\000x\000p\000e\000c\000t\000e\000d\000\040\000O\000u\000t\000c\000o\000m\000e\000s}{chapter.1}% 10
\BOOKMARK [1][-]{section.1.7}{\376\377\000S\000c\000o\000p\000e\000\040\000a\000n\000d\000\040\000A\000p\000p\000l\000i\000c\000a\000t\000i\000o\000n\000s}{chapter.1}% 11
\BOOKMARK [2][-]{subsection.1.7.1}{\376\377\000S\000c\000o\000p\000e}{section.1.7}% 12
\BOOKMARK [2][-]{subsection.1.7.2}{\376\377\000A\000p\000p\000l\000i\000c\000a\000t\000i\000o\000n\000s}{section.1.7}% 13
\BOOKMARK [1][-]{section.1.8}{\376\377\000F\000e\000a\000s\000i\000b\000i\000l\000i\000t\000y\000\040\000S\000t\000u\000d\000y}{chapter.1}% 14
\BOOKMARK [2][-]{subsection.1.8.1}{\376\377\000T\000e\000c\000h\000n\000i\000c\000a\000l\000\040\000F\000e\000a\000s\000i\000b\000i\000l\000i\000t\000y}{section.1.8}% 15
\BOOKMARK [2][-]{subsection.1.8.2}{\376\377\000E\000c\000o\000n\000o\000m\000i\000c\000\040\000F\000e\000a\000s\000i\000b\000i\000l\000i\000t\000y}{section.1.8}% 16
\BOOKMARK [2][-]{subsection.1.8.3}{\376\377\000O\000p\000e\000r\000a\000t\000i\000o\000n\000a\000l\000\040\000F\000e\000a\000s\000i\000b\000i\000l\000i\000t\000y}{section.1.8}% 17
\BOOKMARK [1][-]{section.1.9}{\376\377\000S\000y\000s\000t\000e\000m\000\040\000R\000e\000q\000u\000i\000r\000e\000m\000e\000n\000t\000s}{chapter.1}% 18
\BOOKMARK [2][-]{subsection.1.9.1}{\376\377\000S\000o\000f\000t\000w\000a\000r\000e\000\040\000R\000e\000q\000u\000i\000r\000e\000m\000e\000n\000t\000s}{section.1.9}% 19
\BOOKMARK [2][-]{subsection.1.9.2}{\376\377\000H\000a\000r\000d\000w\000a\000r\000e\000\040\000R\000e\000q\000u\000i\000r\000e\000m\000e\000n\000t\000s}{section.1.9}% 20
\BOOKMARK [1][-]{section.1.10}{\376\377\000P\000r\000o\000j\000e\000c\000t\000\040\000S\000c\000h\000e\000d\000u\000l\000e}{chapter.1}% 21
\BOOKMARK [0][-]{chapter.2}{\376\377\000L\000i\000t\000e\000r\000a\000t\000u\000r\000e\000\040\000R\000e\000v\000i\000e\000w}{}% 22
\BOOKMARK [1][-]{section.2.1}{\376\377\000M\000a\000c\000h\000i\000n\000e\000\040\000L\000e\000a\000r\000n\000i\000n\000g\000\040\000i\000n\000\040\000V\000i\000d\000e\000o\000\040\000R\000e\000c\000o\000m\000m\000e\000n\000d\000a\000t\000i\000o\000n\000s}{chapter.2}% 23
\BOOKMARK [2][-]{subsection.2.1.1}{\376\377\000C\000o\000l\000l\000a\000b\000o\000r\000a\000t\000i\000v\000e\000\040\000F\000i\000l\000t\000e\000r\000i\000n\000g\000\040\000A\000p\000p\000r\000o\000a\000c\000h\000e\000s}{section.2.1}% 24
\BOOKMARK [2][-]{subsection.2.1.2}{\376\377\000C\000o\000n\000t\000e\000n\000t\000-\000B\000a\000s\000e\000d\000\040\000F\000i\000l\000t\000e\000r\000i\000n\000g}{section.2.1}% 25
\BOOKMARK [1][-]{section.2.2}{\376\377\000A\000r\000t\000i\000f\000i\000c\000i\000a\000l\000\040\000I\000n\000t\000e\000l\000l\000i\000g\000e\000n\000c\000e\000\040\000i\000n\000\040\000C\000o\000n\000t\000e\000n\000t\000\040\000C\000r\000e\000a\000t\000i\000o\000n}{chapter.2}% 26
\BOOKMARK [1][-]{section.2.3}{\376\377\000C\000o\000m\000m\000u\000n\000i\000t\000y\000\040\000E\000n\000g\000a\000g\000e\000m\000e\000n\000t\000\040\000a\000n\000d\000\040\000P\000e\000r\000s\000o\000n\000a\000l\000i\000z\000a\000t\000i\000o\000n}{chapter.2}% 27
\BOOKMARK [1][-]{section.2.4}{\376\377\000S\000t\000r\000e\000a\000m\000i\000n\000g\000\040\000a\000n\000d\000\040\000C\000o\000n\000t\000e\000n\000t\000\040\000P\000l\000a\000t\000f\000o\000r\000m\000s\000\040\000i\000n\000\040\000N\000e\000p\000a\000l}{chapter.2}% 28
\BOOKMARK [1][-]{section.2.5}{\376\377\000C\000o\000n\000t\000e\000n\000t\000\040\000M\000o\000d\000e\000r\000a\000t\000i\000o\000n\000\040\000a\000n\000d\000\040\000S\000a\000f\000e\000t\000y}{chapter.2}% 29
\BOOKMARK [1][-]{section.2.6}{\376\377\000A\000d\000a\000p\000t\000i\000v\000e\000\040\000B\000i\000t\000r\000a\000t\000e\000\040\000S\000t\000r\000e\000a\000m\000i\000n\000g}{chapter.2}% 30
\BOOKMARK [1][-]{section.2.7}{\376\377\000C\000o\000m\000p\000a\000r\000i\000s\000o\000n\000\040\000o\000f\000\040\000E\000x\000i\000s\000t\000i\000n\000g\000\040\000P\000l\000a\000t\000f\000o\000r\000m\000s}{chapter.2}% 31
\BOOKMARK [1][-]{section.2.8}{\376\377\000R\000e\000s\000e\000a\000r\000c\000h\000\040\000G\000a\000p\000\040\000a\000n\000d\000\040\000C\000o\000n\000t\000r\000i\000b\000u\000t\000i\000o\000n}{chapter.2}% 32
\BOOKMARK [0][-]{chapter.3}{\376\377\000S\000y\000s\000t\000e\000m\000\040\000D\000e\000s\000i\000g\000n}{}% 33
\BOOKMARK [1][-]{section.3.1}{\376\377\000S\000y\000s\000t\000e\000m\000\040\000D\000e\000s\000c\000r\000i\000p\000t\000i\000o\000n}{chapter.3}% 34
\BOOKMARK [1][-]{section.3.2}{\376\377\000F\000l\000o\000w\000c\000h\000a\000r\000t}{chapter.3}% 35
\BOOKMARK [2][-]{subsection.3.2.1}{\376\377\000U\000s\000e\000r\000'\000s\000\040\000F\000l\000o\000w\000c\000h\000a\000r\000t}{section.3.2}% 36
\BOOKMARK [2][-]{subsection.3.2.2}{\376\377\000C\000r\000e\000a\000t\000o\000r\000'\000s\000\040\000F\000l\000o\000w\000c\000h\000a\000r\000t}{section.3.2}% 37
\BOOKMARK [1][-]{section.3.3}{\376\377\000U\000s\000e\000\040\000C\000a\000s\000e\000\040\000D\000i\000a\000g\000r\000a\000m}{chapter.3}% 38
\BOOKMARK [2][-]{subsection.3.3.1}{\376\377\000U\000s\000e\000r\000'\000s\000\040\000U\000s\000e\000\040\000C\000a\000s\000e\000\040\000D\000i\000a\000g\000r\000a\000m}{section.3.3}% 39
\BOOKMARK [2][-]{subsection.3.3.2}{\376\377\000C\000r\000e\000a\000t\000o\000r\000'\000s\000\040\000U\000s\000e\000\040\000C\000a\000s\000e\000\040\000D\000i\000a\000g\000r\000a\000m}{section.3.3}% 40
\BOOKMARK [2][-]{subsection.3.3.3}{\376\377\000A\000d\000m\000i\000n\000'\000s\000\040\000U\000s\000e\000\040\000C\000a\000s\000e\000\040\000D\000i\000a\000g\000r\000a\000m}{section.3.3}% 41
\BOOKMARK [1][-]{section.3.4}{\376\377\000S\000e\000q\000u\000e\000n\000c\000e\000\040\000D\000i\000a\000g\000r\000a\000m}{chapter.3}% 42
\BOOKMARK [2][-]{subsection.3.4.1}{\376\377\000U\000s\000e\000r\000'\000s\000\040\000S\000e\000q\000u\000e\000n\000c\000e\000\040\000D\000i\000a\000g\000r\000a\000m}{section.3.4}% 43
\BOOKMARK [2][-]{subsection.3.4.2}{\376\377\000A\000d\000m\000i\000n\000'\000s\000\040\000S\000e\000q\000u\000e\000n\000c\000e\000\040\000D\000i\000a\000g\000r\000a\000m}{section.3.4}% 44
\BOOKMARK [2][-]{subsection.3.4.3}{\376\377\000C\000r\000e\000a\000t\000o\000r\000'\000s\000\040\000S\000e\000q\000u\000e\000n\000c\000e\000\040\000D\000i\000a\000g\000r\000a\000m}{section.3.4}% 45
\BOOKMARK [2][-]{subsection.3.4.4}{\376\377\000W\000h\000o\000l\000e\000\040\000S\000y\000s\000t\000e\000m\000\040\000S\000e\000q\000u\000e\000n\000c\000e\000\040\000D\000i\000a\000g\000r\000a\000m}{section.3.4}% 46
\BOOKMARK [1][-]{section.3.5}{\376\377\000S\000y\000s\000t\000e\000m\000\040\000A\000r\000c\000h\000i\000t\000e\000c\000t\000u\000r\000e}{chapter.3}% 47
\BOOKMARK [1][-]{section.3.6}{\376\377\000E\000n\000t\000i\000t\000y\000\040\000R\000e\000l\000a\000t\000i\000o\000n\000s\000h\000i\000p\000\040\000\050\000E\000R\000\051\000\040\000D\000i\000a\000g\000r\000a\000m}{chapter.3}% 48
\BOOKMARK [1][-]{section.3.7}{\376\377\000D\000a\000t\000a\000\040\000F\000l\000o\000w\000\040\000D\000i\000a\000g\000r\000a\000m}{chapter.3}% 49
\BOOKMARK [2][-]{subsection.3.7.1}{\376\377\000D\000a\000t\000a\000\040\000F\000l\000o\000w\000\040\000D\000i\000a\000g\000r\000a\000m\000\040\040\024\000\040\000L\000e\000v\000e\000l\000\040\0002}{section.3.7}% 50
\BOOKMARK [1][-]{section.3.8}{\376\377\000T\000e\000c\000h\000n\000o\000l\000o\000g\000y\000\040\000S\000t\000a\000c\000k}{chapter.3}% 51
\BOOKMARK [0][-]{chapter.4}{\376\377\000I\000m\000p\000l\000e\000m\000e\000n\000t\000a\000t\000i\000o\000n\000\040\000a\000n\000d\000\040\000D\000i\000s\000c\000u\000s\000s\000i\000o\000n}{}% 52
\BOOKMARK [1][-]{section.4.1}{\376\377\000M\000e\000t\000h\000o\000d\000o\000l\000o\000g\000y}{chapter.4}% 53
\BOOKMARK [1][-]{section.4.2}{\376\377\000I\000m\000p\000l\000e\000m\000e\000n\000t\000a\000t\000i\000o\000n\000\040\000S\000t\000e\000p\000s}{chapter.4}% 54
\BOOKMARK [1][-]{section.4.3}{\376\377\000O\000u\000t\000p\000u\000t\000\040\000O\000b\000t\000a\000i\000n\000e\000d}{chapter.4}% 55
\BOOKMARK [2][-]{subsection.4.3.1}{\376\377\000A\000d\000m\000i\000n\000\040\000F\000e\000a\000t\000u\000r\000e\000s}{section.4.3}% 56
\BOOKMARK [2][-]{subsection.4.3.2}{\376\377\000C\000r\000e\000a\000t\000o\000r\000\040\000F\000e\000a\000t\000u\000r\000e\000s}{section.4.3}% 57
\BOOKMARK [2][-]{subsection.4.3.3}{\376\377\000U\000s\000e\000r\000\040\000F\000e\000a\000t\000u\000r\000e\000s}{section.4.3}% 58
\BOOKMARK [1][-]{section.4.4}{\376\377\000T\000e\000s\000t\000\040\000C\000a\000s\000e\000s}{chapter.4}% 59
\BOOKMARK [1][-]{section.4.5}{\376\377\000A\000p\000p\000l\000i\000c\000a\000t\000i\000o\000n\000\040\000S\000c\000r\000e\000e\000n\000s\000h\000o\000t\000s}{chapter.4}% 60
\BOOKMARK [2][-]{subsection.4.5.1}{\376\377\000H\000o\000m\000e\000\040\000P\000a\000g\000e\000\040\000a\000n\000d\000\040\000V\000i\000d\000e\000o\000\040\000B\000r\000o\000w\000s\000i\000n\000g}{section.4.5}% 61
\BOOKMARK [2][-]{subsection.4.5.2}{\376\377\000V\000i\000d\000e\000o\000\040\000P\000l\000a\000y\000e\000r\000\040\000I\000n\000t\000e\000r\000f\000a\000c\000e}{section.4.5}% 62
\BOOKMARK [2][-]{subsection.4.5.3}{\376\377\000C\000r\000e\000a\000t\000o\000r\000\040\000D\000a\000s\000h\000b\000o\000a\000r\000d}{section.4.5}% 63
\BOOKMARK [2][-]{subsection.4.5.4}{\376\377\000A\000d\000m\000i\000n\000\040\000D\000a\000s\000h\000b\000o\000a\000r\000d}{section.4.5}% 64
\BOOKMARK [0][-]{chapter.5}{\376\377\000A\000n\000a\000l\000y\000s\000i\000s\000\040\000a\000n\000d\000\040\000E\000v\000a\000l\000u\000a\000t\000i\000o\000n}{}% 65
\BOOKMARK [1][-]{section.5.1}{\376\377\000D\000a\000t\000a\000\040\000A\000n\000a\000l\000y\000s\000i\000s}{chapter.5}% 66
\BOOKMARK [1][-]{section.5.2}{\376\377\000R\000e\000s\000u\000l\000t\000s}{chapter.5}% 67
\BOOKMARK [2][-]{subsection.5.2.1}{\376\377\000U\000s\000e\000r\000\040\000F\000e\000a\000t\000u\000r\000e\000s\000\040\000D\000e\000l\000i\000v\000e\000r\000e\000d}{section.5.2}% 68
\BOOKMARK [2][-]{subsection.5.2.2}{\376\377\000A\000d\000m\000i\000n\000\040\000F\000e\000a\000t\000u\000r\000e\000s\000\040\000D\000e\000l\000i\000v\000e\000r\000e\000d}{section.5.2}% 69
\BOOKMARK [2][-]{subsection.5.2.3}{\376\377\000P\000e\000r\000f\000o\000r\000m\000a\000n\000c\000e\000\040\000R\000e\000s\000u\000l\000t\000s}{section.5.2}% 70
\BOOKMARK [1][-]{section.5.3}{\376\377\000C\000o\000m\000p\000a\000r\000i\000s\000o\000n\000\040\000w\000i\000t\000h\000\040\000O\000b\000j\000e\000c\000t\000i\000v\000e\000s}{chapter.5}% 71
\BOOKMARK [1][-]{section.5.4}{\376\377\000D\000i\000s\000c\000u\000s\000s\000i\000o\000n\000\040\000o\000f\000\040\000F\000i\000n\000d\000i\000n\000g\000s}{chapter.5}% 72
\BOOKMARK [0][-]{chapter.6}{\376\377\000C\000o\000n\000c\000l\000u\000s\000i\000o\000n\000\040\000a\000n\000d\000\040\000F\000u\000t\000u\000r\000e\000\040\000W\000o\000r\000k}{}% 73
\BOOKMARK [1][-]{section.6.1}{\376\377\000L\000i\000m\000i\000t\000a\000t\000i\000o\000n\000s}{chapter.6}% 74
\BOOKMARK [1][-]{section.6.2}{\376\377\000F\000u\000t\000u\000r\000e\000\040\000E\000n\000h\000a\000n\000c\000e\000m\000e\000n\000t\000s}{chapter.6}% 75
\BOOKMARK [0][-]{chapter*.25}{\376\377\000R\000e\000f\000e\000r\000e\000n\000c\000e\000s\000\040\000a\000n\000d\000\040\000B\000i\000b\000l\000i\000o\000g\000r\000a\000p\000h\000y}{}% 76
\BOOKMARK [0][-]{chapter*.26}{\376\377\000A\000p\000p\000e\000n\000d\000i\000c\000e\000s}{}% 77
